# JRE version: OpenJDK Runtime Environment (7.0_51) (build 1.7.0_51-b00)
# Java VM: OpenJDK Server VM (24.45-b08 mixed mode linux-x86 )
Heap
 PSYoungGen      total 9216K, used 794K [0xa85c0000, 0xa9000000, 0xb3080000)
  eden space 7936K, 10% used [0xa85c0000,0xa8686b90,0xa8d80000)
  from space 1280K, 0% used [0xa8d80000,0xa8d80000,0xa8ec0000)
  to   space 1280K, 0% used [0xa8ec0000,0xa8ec0000,0xa9000000)
 ParOldGen       total 20992K, used 708K [0x93080000, 0x94500000, 0xa85c0000)
  object space 20992K, 3% used [0x93080000,0x93131000,0x94500000)
 PSPermGen       total 16384K, used 3578K [0x8b080000, 0x8c080000, 0x93080000)
  object space 16384K, 21% used [0x8b080000,0x8b3fe898,0x8c080000)
GC Heap History (4 events):
Event: 11,457 GC heap before
{Heap before GC invocations=1 (full 0):
 PSYoungGen      total 9216K, used 3007K [0xa85c0000, 0xa9000000, 0xb3080000)
  eden space 7936K, 37% used [0xa85c0000,0xa88afe10,0xa8d80000)
  from space 1280K, 0% used [0xa8ec0000,0xa8ec0000,0xa9000000)
  to   space 1280K, 0% used [0xa8d80000,0xa8d80000,0xa8ec0000)
 ParOldGen       total 20992K, used 0K [0x93080000, 0x94500000, 0xa85c0000)
  object space 20992K, 0% used [0x93080000,0x93080000,0x94500000)
 PSPermGen       total 16384K, used 3376K [0x8b080000, 0x8c080000, 0x93080000)
  object space 16384K, 20% used [0x8b080000,0x8b3cc2c0,0x8c080000)
Event: 11,459 GC heap after
Heap after GC invocations=1 (full 0):
 PSYoungGen      total 9216K, used 736K [0xa85c0000, 0xa9000000, 0xb3080000)
  eden space 7936K, 0% used [0xa85c0000,0xa85c0000,0xa8d80000)
  from space 1280K, 57% used [0xa8d80000,0xa8e382c0,0xa8ec0000)
  to   space 1280K, 0% used [0xa8ec0000,0xa8ec0000,0xa9000000)
 ParOldGen       total 20992K, used 4K [0x93080000, 0x94500000, 0xa85c0000)
  object space 20992K, 0% used [0x93080000,0x93081000,0x94500000)
 PSPermGen       total 16384K, used 3376K [0x8b080000, 0x8c080000, 0x93080000)
  object space 16384K, 20% used [0x8b080000,0x8b3cc2c0,0x8c080000)
}
Event: 11,459 GC heap before
{Heap before GC invocations=2 (full 1):
 PSYoungGen      total 9216K, used 736K [0xa85c0000, 0xa9000000, 0xb3080000)
  eden space 7936K, 0% used [0xa85c0000,0xa85c0000,0xa8d80000)
  from space 1280K, 57% used [0xa8d80000,0xa8e382c0,0xa8ec0000)
  to   space 1280K, 0% used [0xa8ec0000,0xa8ec0000,0xa9000000)
 ParOldGen       total 20992K, used 4K [0x93080000, 0x94500000, 0xa85c0000)
  object space 20992K, 0% used [0x93080000,0x93081000,0x94500000)
 PSPermGen       total 16384K, used 3376K [0x8b080000, 0x8c080000, 0x93080000)
  object space 16384K, 20% used [0x8b080000,0x8b3cc2c0,0x8c080000)
Event: 11,478 GC heap after
Heap after GC invocations=2 (full 1):
 PSYoungGen      total 9216K, used 0K [0xa85c0000, 0xa9000000, 0xb3080000)
  eden space 7936K, 0% used [0xa85c0000,0xa85c0000,0xa8d80000)
  from space 1280K, 0% used [0xa8d80000,0xa8d80000,0xa8ec0000)
  to   space 1280K, 0% used [0xa8ec0000,0xa8ec0000,0xa9000000)
 ParOldGen       total 20992K, used 708K [0x93080000, 0x94500000, 0xa85c0000)
  object space 20992K, 3% used [0x93080000,0x93131000,0x94500000)
 PSPermGen       total 16384K, used 3375K [0x8b080000, 0x8c080000, 0x93080000)
  object space 16384K, 20% used [0x8b080000,0x8b3cbea8,0x8c080000)
}

